<?xml version="1.0" encoding="UTF-8"?>
<!-- Generated by org.testng.reporters.JUnitXMLReporter -->
<testsuite ignored="0" hostname="Tharun" failures="0" tests="6" name="Test" time="48.473" errors="0" timestamp="2021-05-10T17:45:08 IST">
  <testcase classname="runner.StartTest" name="beforeClass" time="32.399"/>
  <testcase classname="runner.FirstTest" name="loadSite" time="10.511"/>
  <testcase classname="runner.FirstTest" name="enterFromLoc" time="1.21"/>
  <testcase classname="runner.FirstTest" name="enterToLoc" time="0.533"/>
  <testcase classname="runner.FirstTest" name="selectJourneyDate" time="0.927"/>
  <testcase classname="runner.FirstTest" name="searchResults" time="0.476"/>
</testsuite> <!-- Test -->
