<?xml version="1.0" encoding="UTF-8"?>
<testng-results ignored="0" total="6" passed="6" failed="0" skipped="0">
  <reporter-output>
  </reporter-output>
  <suite started-at="2021-05-10T17:44:19 IST" name="Suite" finished-at="2021-05-10T17:45:08 IST" duration-ms="48473">
    <groups>
    </groups>
    <test started-at="2021-05-10T17:44:19 IST" name="Test" finished-at="2021-05-10T17:45:08 IST" duration-ms="48473">
      <class name="runner.FirstTest">
        <test-method is-config="true" signature="beforeClass()[pri:0, instance:runner.FirstTest@194bcebf]" started-at="2021-05-10T17:44:54 IST" name="beforeClass" finished-at="2021-05-10T17:44:54 IST" duration-ms="4" status="PASS">
          <reporter-output>
          </reporter-output>
        </test-method> <!-- beforeClass -->
        <test-method signature="loadSite()[pri:1, instance:runner.FirstTest@194bcebf]" started-at="2021-05-10T17:44:54 IST" name="loadSite" finished-at="2021-05-10T17:45:05 IST" duration-ms="10511" status="PASS">
          <reporter-output>
          </reporter-output>
        </test-method> <!-- loadSite -->
        <test-method is-config="true" signature="tearDown(org.testng.ITestResult)[pri:0, instance:runner.FirstTest@194bcebf]" started-at="2021-05-10T17:45:05 IST" name="tearDown" finished-at="2021-05-10T17:45:05 IST" duration-ms="12" status="PASS">
          <params>
            <param index="0">
              <value>
                <![CDATA[[TestResult name=loadSite status=SUCCESS method=FirstTest.loadSite()[pri:1, instance:runner.FirstTest@194bcebf] output={null}]]]>
              </value>
            </param>
          </params>
          <reporter-output>
          </reporter-output>
        </test-method> <!-- tearDown -->
        <test-method signature="enterFromLoc()[pri:2, instance:runner.FirstTest@194bcebf]" started-at="2021-05-10T17:45:05 IST" name="enterFromLoc" finished-at="2021-05-10T17:45:06 IST" duration-ms="1210" status="PASS">
          <reporter-output>
          </reporter-output>
        </test-method> <!-- enterFromLoc -->
        <test-method is-config="true" signature="tearDown(org.testng.ITestResult)[pri:0, instance:runner.FirstTest@194bcebf]" started-at="2021-05-10T17:45:06 IST" name="tearDown" finished-at="2021-05-10T17:45:06 IST" duration-ms="1" status="PASS">
          <params>
            <param index="0">
              <value>
                <![CDATA[[TestResult name=enterFromLoc status=SUCCESS method=FirstTest.enterFromLoc()[pri:2, instance:runner.FirstTest@194bcebf] output={null}]]]>
              </value>
            </param>
          </params>
          <reporter-output>
          </reporter-output>
        </test-method> <!-- tearDown -->
        <test-method signature="enterToLoc()[pri:3, instance:runner.FirstTest@194bcebf]" started-at="2021-05-10T17:45:06 IST" name="enterToLoc" finished-at="2021-05-10T17:45:06 IST" duration-ms="533" status="PASS">
          <reporter-output>
          </reporter-output>
        </test-method> <!-- enterToLoc -->
        <test-method is-config="true" signature="tearDown(org.testng.ITestResult)[pri:0, instance:runner.FirstTest@194bcebf]" started-at="2021-05-10T17:45:06 IST" name="tearDown" finished-at="2021-05-10T17:45:06 IST" duration-ms="2" status="PASS">
          <params>
            <param index="0">
              <value>
                <![CDATA[[TestResult name=enterToLoc status=SUCCESS method=FirstTest.enterToLoc()[pri:3, instance:runner.FirstTest@194bcebf] output={null}]]]>
              </value>
            </param>
          </params>
          <reporter-output>
          </reporter-output>
        </test-method> <!-- tearDown -->
        <test-method signature="selectJourneyDate()[pri:4, instance:runner.FirstTest@194bcebf]" started-at="2021-05-10T17:45:06 IST" name="selectJourneyDate" finished-at="2021-05-10T17:45:07 IST" duration-ms="927" status="PASS">
          <reporter-output>
          </reporter-output>
        </test-method> <!-- selectJourneyDate -->
        <test-method is-config="true" signature="tearDown(org.testng.ITestResult)[pri:0, instance:runner.FirstTest@194bcebf]" started-at="2021-05-10T17:45:07 IST" name="tearDown" finished-at="2021-05-10T17:45:07 IST" duration-ms="1" status="PASS">
          <params>
            <param index="0">
              <value>
                <![CDATA[[TestResult name=selectJourneyDate status=SUCCESS method=FirstTest.selectJourneyDate()[pri:4, instance:runner.FirstTest@194bcebf] output={null}]]]>
              </value>
            </param>
          </params>
          <reporter-output>
          </reporter-output>
        </test-method> <!-- tearDown -->
        <test-method signature="searchResults()[pri:5, instance:runner.FirstTest@194bcebf]" started-at="2021-05-10T17:45:07 IST" name="searchResults" finished-at="2021-05-10T17:45:08 IST" duration-ms="476" status="PASS">
          <reporter-output>
          </reporter-output>
        </test-method> <!-- searchResults -->
        <test-method is-config="true" signature="tearDown(org.testng.ITestResult)[pri:0, instance:runner.FirstTest@194bcebf]" started-at="2021-05-10T17:45:08 IST" name="tearDown" finished-at="2021-05-10T17:45:08 IST" duration-ms="1" status="PASS">
          <params>
            <param index="0">
              <value>
                <![CDATA[[TestResult name=searchResults status=SUCCESS method=FirstTest.searchResults()[pri:5, instance:runner.FirstTest@194bcebf] output={null}]]]>
              </value>
            </param>
          </params>
          <reporter-output>
          </reporter-output>
        </test-method> <!-- tearDown -->
      </class> <!-- runner.FirstTest -->
      <class name="runner.StartTest">
        <test-method signature="beforeClass(java.lang.String)[pri:0, instance:runner.StartTest@5b03b9fe]" started-at="2021-05-10T17:44:22 IST" name="beforeClass" data-provider="data" finished-at="2021-05-10T17:44:54 IST" duration-ms="32399" status="PASS">
          <params>
            <param index="0">
              <value>
                <![CDATA[Firefox]]>
              </value>
            </param>
          </params>
          <reporter-output>
          </reporter-output>
        </test-method> <!-- beforeClass -->
        <test-method is-config="true" signature="afterSuite()[pri:0, instance:runner.StartTest@5b03b9fe]" started-at="2021-05-10T17:45:08 IST" name="afterSuite" finished-at="2021-05-10T17:45:10 IST" duration-ms="1758" status="PASS">
          <reporter-output>
          </reporter-output>
        </test-method> <!-- afterSuite -->
      </class> <!-- runner.StartTest -->
    </test> <!-- Test -->
  </suite> <!-- Suite -->
</testng-results>
